mode: set
/home/buildsystem/go/src/github.com/testaquatic/Mastering_GO/ch11/coverage/coverage.go:5.11,6.10 1 1
/home/buildsystem/go/src/github.com/testaquatic/Mastering_GO/ch11/coverage/coverage.go:6.10,8.3 1 1
/home/buildsystem/go/src/github.com/testaquatic/Mastering_GO/ch11/coverage/coverage.go:8.8,10.3 1 0
/home/buildsystem/go/src/github.com/testaquatic/Mastering_GO/ch11/coverage/coverage.go:13.20,14.12 1 1
/home/buildsystem/go/src/github.com/testaquatic/Mastering_GO/ch11/coverage/coverage.go:14.12,16.3 1 1
/home/buildsystem/go/src/github.com/testaquatic/Mastering_GO/ch11/coverage/coverage.go:16.8,16.19 1 0
/home/buildsystem/go/src/github.com/testaquatic/Mastering_GO/ch11/coverage/coverage.go:16.19,18.3 1 0
/home/buildsystem/go/src/github.com/testaquatic/Mastering_GO/ch11/coverage/coverage.go:18.8,20.3 1 0
